# JRE version: Java(TM) SE Runtime Environment (17.0.3.1+2) (build 17.0.3.1+2-LTS-6)
# Java VM: Java HotSpot(TM) 64-Bit Server VM (17.0.3.1+2-LTS-6, mixed mode, sharing, tiered, compressed oops, compressed class ptrs, g1 gc, windows-amd64)
GC Precious Log:
 CPUs: 4 total, 4 available
 Memory: 8082M
 Large Page Support: Disabled
 NUMA Support: Disabled
 Compressed Oops: Enabled (32-bit)
 Heap Region Size: 1M
 Heap Min Capacity: 8M
 Heap Initial Capacity: 128M
 Heap Max Capacity: 2G
 Pre-touch: Disabled
 Parallel Workers: 4
 Concurrent Workers: 1
 Concurrent Refinement Workers: 4
 Periodic GC: Disabled
Heap:
 garbage-first heap   total 184320K, used 108258K [0x0000000080000000, 0x0000000100000000)
  region size 1024K, 4 young (4096K), 3 survivors (3072K)
 Metaspace       used 83217K, committed 84160K, reserved 495616K
  class space    used 11630K, committed 12096K, reserved 421888K
GC Heap History (20 events):
Event: 79.292 GC heap before
{Heap before GC invocations=35 (full 0):
 garbage-first heap   total 114688K, used 83035K [0x0000000080000000, 0x0000000100000000)
  region size 1024K, 18 young (18432K), 1 survivors (1024K)
 Metaspace       used 66492K, committed 67200K, reserved 487424K
  class space    used 9207K, committed 9536K, reserved 421888K
}
Event: 79.295 GC heap after
{Heap after GC invocations=36 (full 0):
 garbage-first heap   total 114688K, used 66447K [0x0000000080000000, 0x0000000100000000)
  region size 1024K, 2 young (2048K), 2 survivors (2048K)
 Metaspace       used 66492K, committed 67200K, reserved 487424K
  class space    used 9207K, committed 9536K, reserved 421888K
}
Event: 79.800 GC heap before
{Heap before GC invocations=36 (full 0):
 garbage-first heap   total 114688K, used 86927K [0x0000000080000000, 0x0000000100000000)
  region size 1024K, 23 young (23552K), 2 survivors (2048K)
 Metaspace       used 69144K, committed 69824K, reserved 487424K
  class space    used 9519K, committed 9856K, reserved 421888K
}
Event: 79.803 GC heap after
{Heap after GC invocations=37 (full 0):
 garbage-first heap   total 114688K, used 68948K [0x0000000080000000, 0x0000000100000000)
  region size 1024K, 3 young (3072K), 3 survivors (3072K)
 Metaspace       used 69144K, committed 69824K, reserved 487424K
  class space    used 9519K, committed 9856K, reserved 421888K
}
Event: 80.254 GC heap before
{Heap before GC invocations=38 (full 0):
 garbage-first heap   total 126976K, used 88404K [0x0000000080000000, 0x0000000100000000)
  region size 1024K, 23 young (23552K), 3 survivors (3072K)
 Metaspace       used 70904K, committed 71616K, reserved 487424K
  class space    used 9712K, committed 10048K, reserved 421888K
}
Event: 80.259 GC heap after
{Heap after GC invocations=39 (full 0):
 garbage-first heap   total 126976K, used 70798K [0x0000000080000000, 0x0000000100000000)
  region size 1024K, 2 young (2048K), 2 survivors (2048K)
 Metaspace       used 70904K, committed 71616K, reserved 487424K
  class space    used 9712K, committed 10048K, reserved 421888K
}
Event: 81.074 GC heap before
{Heap before GC invocations=40 (full 0):
 garbage-first heap   total 126976K, used 99470K [0x0000000080000000, 0x0000000100000000)
  region size 1024K, 29 young (29696K), 2 survivors (2048K)
 Metaspace       used 71845K, committed 72576K, reserved 487424K
  class space    used 9859K, committed 10240K, reserved 421888K
}
Event: 81.081 GC heap after
{Heap after GC invocations=41 (full 0):
 garbage-first heap   total 152576K, used 73229K [0x0000000080000000, 0x0000000100000000)
  region size 1024K, 4 young (4096K), 4 survivors (4096K)
 Metaspace       used 71845K, committed 72576K, reserved 487424K
  class space    used 9859K, committed 10240K, reserved 421888K
}
Event: 86.216 GC heap before
{Heap before GC invocations=41 (full 0):
 garbage-first heap   total 152576K, used 116237K [0x0000000080000000, 0x0000000100000000)
  region size 1024K, 46 young (47104K), 4 survivors (4096K)
 Metaspace       used 73499K, committed 74304K, reserved 487424K
  class space    used 10103K, committed 10496K, reserved 421888K
}
Event: 86.224 GC heap after
{Heap after GC invocations=42 (full 0):
 garbage-first heap   total 152576K, used 77426K [0x0000000080000000, 0x0000000100000000)
  region size 1024K, 6 young (6144K), 6 survivors (6144K)
 Metaspace       used 73499K, committed 74304K, reserved 487424K
  class space    used 10103K, committed 10496K, reserved 421888K
}
Event: 87.393 GC heap before
{Heap before GC invocations=43 (full 0):
 garbage-first heap   total 152576K, used 119410K [0x0000000080000000, 0x0000000100000000)
  region size 1024K, 47 young (48128K), 6 survivors (6144K)
 Metaspace       used 77621K, committed 78400K, reserved 495616K
  class space    used 10854K, committed 11264K, reserved 421888K
}
Event: 87.404 GC heap after
{Heap after GC invocations=44 (full 0):
 garbage-first heap   total 152576K, used 81196K [0x0000000080000000, 0x0000000100000000)
  region size 1024K, 4 young (4096K), 4 survivors (4096K)
 Metaspace       used 77621K, committed 78400K, reserved 495616K
  class space    used 10854K, committed 11264K, reserved 421888K
}
Event: 88.086 GC heap before
{Heap before GC invocations=44 (full 0):
 garbage-first heap   total 152576K, used 121132K [0x0000000080000000, 0x0000000100000000)
  region size 1024K, 43 young (44032K), 4 survivors (4096K)
 Metaspace       used 79079K, committed 79936K, reserved 495616K
  class space    used 11060K, committed 11456K, reserved 421888K
}
Event: 88.095 GC heap after
{Heap after GC invocations=45 (full 0):
 garbage-first heap   total 152576K, used 86508K [0x0000000080000000, 0x0000000100000000)
  region size 1024K, 6 young (6144K), 6 survivors (6144K)
 Metaspace       used 79079K, committed 79936K, reserved 495616K
  class space    used 11060K, committed 11456K, reserved 421888K
}
Event: 89.868 GC heap before
{Heap before GC invocations=46 (full 0):
 garbage-first heap   total 152576K, used 126444K [0x0000000080000000, 0x0000000100000000)
  region size 1024K, 41 young (41984K), 6 survivors (6144K)
 Metaspace       used 80143K, committed 81024K, reserved 495616K
  class space    used 11223K, committed 11648K, reserved 421888K
}
Event: 89.887 GC heap after
{Heap after GC invocations=47 (full 0):
 garbage-first heap   total 152576K, used 99906K [0x0000000080000000, 0x0000000100000000)
  region size 1024K, 6 young (6144K), 6 survivors (6144K)
 Metaspace       used 80143K, committed 81024K, reserved 495616K
  class space    used 11223K, committed 11648K, reserved 421888K
}
Event: 89.947 GC heap before
{Heap before GC invocations=47 (full 0):
 garbage-first heap   total 152576K, used 100930K [0x0000000080000000, 0x0000000100000000)
  region size 1024K, 7 young (7168K), 6 survivors (6144K)
 Metaspace       used 80158K, committed 81024K, reserved 495616K
  class space    used 11224K, committed 11648K, reserved 421888K
}
Event: 89.956 GC heap after
{Heap after GC invocations=48 (full 0):
 garbage-first heap   total 152576K, used 101023K [0x0000000080000000, 0x0000000100000000)
  region size 1024K, 1 young (1024K), 1 survivors (1024K)
 Metaspace       used 80158K, committed 81024K, reserved 495616K
  class space    used 11224K, committed 11648K, reserved 421888K
}
Event: 90.574 GC heap before
{Heap before GC invocations=48 (full 0):
 garbage-first heap   total 152576K, used 124575K [0x0000000080000000, 0x0000000100000000)
  region size 1024K, 24 young (24576K), 1 survivors (1024K)
 Metaspace       used 82157K, committed 83136K, reserved 495616K
  class space    used 11482K, committed 11968K, reserved 421888K
}
Event: 90.578 GC heap after
{Heap after GC invocations=49 (full 0):
 garbage-first heap   total 152576K, used 103671K [0x0000000080000000, 0x0000000100000000)
  region size 1024K, 3 young (3072K), 3 survivors (3072K)
 Metaspace       used 82157K, committed 83136K, reserved 495616K
  class space    used 11482K, committed 11968K, reserved 421888K
}

