# JRE version: OpenJDK Runtime Environment (11.0.10) (build 11.0.10+0-b96-7249189)
# Java VM: OpenJDK 64-Bit Server VM (11.0.10+0-b96-7249189, mixed mode, tiered, compressed oops, g1 gc, windows-amd64)
Heap:
 garbage-first heap   total 189440K, used 143712K [0x0000000080000000, 0x0000000100000000)
  region size 1024K, 83 young (84992K), 8 survivors (8192K)
 Metaspace       used 68114K, capacity 70275K, committed 70400K, reserved 577536K
  class space    used 8903K, capacity 9665K, committed 9728K, reserved 516096K
GC Heap History (20 events):
Event: 1.090 GC heap before
{Heap before GC invocations=2 (full 0):
 garbage-first heap   total 131072K, used 50460K [0x0000000080000000, 0x0000000100000000)
  region size 1024K, 42 young (43008K), 2 survivors (2048K)
 Metaspace       used 10914K, capacity 11077K, committed 11264K, reserved 526336K
  class space    used 1133K, capacity 1207K, committed 1280K, reserved 516096K
}
Event: 1.094 GC heap after
{Heap after GC invocations=3 (full 0):
 garbage-first heap   total 131072K, used 13952K [0x0000000080000000, 0x0000000100000000)
  region size 1024K, 6 young (6144K), 6 survivors (6144K)
 Metaspace       used 10914K, capacity 11077K, committed 11264K, reserved 526336K
  class space    used 1133K, capacity 1207K, committed 1280K, reserved 516096K
}
Event: 2.600 GC heap before
{Heap before GC invocations=3 (full 0):
 garbage-first heap   total 131072K, used 67200K [0x0000000080000000, 0x0000000100000000)
  region size 1024K, 58 young (59392K), 6 survivors (6144K)
 Metaspace       used 20346K, capacity 20739K, committed 20864K, reserved 534528K
  class space    used 2452K, capacity 2632K, committed 2688K, reserved 516096K
}
Event: 2.607 GC heap after
{Heap after GC invocations=4 (full 0):
 garbage-first heap   total 131072K, used 17099K [0x0000000080000000, 0x0000000100000000)
  region size 1024K, 8 young (8192K), 8 survivors (8192K)
 Metaspace       used 20346K, capacity 20739K, committed 20864K, reserved 534528K
  class space    used 2452K, capacity 2632K, committed 2688K, reserved 516096K
}
Event: 2.677 GC heap before
{Heap before GC invocations=4 (full 0):
 garbage-first heap   total 131072K, used 22219K [0x0000000080000000, 0x0000000100000000)
  region size 1024K, 14 young (14336K), 8 survivors (8192K)
 Metaspace       used 20712K, capacity 21126K, committed 21248K, reserved 534528K
  class space    used 2523K, capacity 2697K, committed 2816K, reserved 516096K
}
Event: 2.683 GC heap after
{Heap after GC invocations=5 (full 0):
 garbage-first heap   total 157696K, used 17848K [0x0000000080000000, 0x0000000100000000)
  region size 1024K, 4 young (4096K), 4 survivors (4096K)
 Metaspace       used 20712K, capacity 21126K, committed 21248K, reserved 534528K
  class space    used 2523K, capacity 2697K, committed 2816K, reserved 516096K
}
Event: 4.263 GC heap before
{Heap before GC invocations=6 (full 0):
 garbage-first heap   total 157696K, used 96696K [0x0000000080000000, 0x0000000100000000)
  region size 1024K, 72 young (73728K), 4 survivors (4096K)
 Metaspace       used 27610K, capacity 28455K, committed 28672K, reserved 540672K
  class space    used 3667K, capacity 3972K, committed 4096K, reserved 516096K
}
Event: 4.269 GC heap after
{Heap after GC invocations=7 (full 0):
 garbage-first heap   total 157696K, used 32963K [0x0000000080000000, 0x0000000100000000)
  region size 1024K, 9 young (9216K), 9 survivors (9216K)
 Metaspace       used 27610K, capacity 28455K, committed 28672K, reserved 540672K
  class space    used 3667K, capacity 3972K, committed 4096K, reserved 516096K
}
Event: 5.558 GC heap before
{Heap before GC invocations=7 (full 0):
 garbage-first heap   total 157696K, used 100547K [0x0000000080000000, 0x0000000100000000)
  region size 1024K, 77 young (78848K), 9 survivors (9216K)
 Metaspace       used 34784K, capacity 35717K, committed 35840K, reserved 546816K
  class space    used 4700K, capacity 5039K, committed 5120K, reserved 516096K
}
Event: 5.567 GC heap after
{Heap after GC invocations=8 (full 0):
 garbage-first heap   total 157696K, used 36453K [0x0000000080000000, 0x0000000100000000)
  region size 1024K, 9 young (9216K), 9 survivors (9216K)
 Metaspace       used 34784K, capacity 35717K, committed 35840K, reserved 546816K
  class space    used 4700K, capacity 5039K, committed 5120K, reserved 516096K
}
Event: 6.582 GC heap before
{Heap before GC invocations=9 (full 0):
 garbage-first heap   total 157696K, used 118373K [0x0000000080000000, 0x0000000100000000)
  region size 1024K, 86 young (88064K), 9 survivors (9216K)
 Metaspace       used 43749K, capacity 44974K, committed 45056K, reserved 555008K
  class space    used 5684K, capacity 6119K, committed 6144K, reserved 516096K
}
Event: 6.593 GC heap after
{Heap after GC invocations=10 (full 0):
 garbage-first heap   total 157696K, used 41308K [0x0000000080000000, 0x0000000100000000)
  region size 1024K, 9 young (9216K), 9 survivors (9216K)
 Metaspace       used 43749K, capacity 44974K, committed 45056K, reserved 555008K
  class space    used 5684K, capacity 6119K, committed 6144K, reserved 516096K
}
Event: 7.368 GC heap before
{Heap before GC invocations=10 (full 0):
 garbage-first heap   total 157696K, used 125276K [0x0000000080000000, 0x0000000100000000)
  region size 1024K, 86 young (88064K), 9 survivors (9216K)
 Metaspace       used 47022K, capacity 48240K, committed 48384K, reserved 559104K
  class space    used 6179K, capacity 6632K, committed 6656K, reserved 516096K
}
Event: 7.378 GC heap after
{Heap after GC invocations=11 (full 0):
 garbage-first heap   total 157696K, used 50530K [0x0000000080000000, 0x0000000100000000)
  region size 1024K, 10 young (10240K), 10 survivors (10240K)
 Metaspace       used 47022K, capacity 48240K, committed 48384K, reserved 559104K
  class space    used 6179K, capacity 6632K, committed 6656K, reserved 516096K
}
Event: 8.288 GC heap before
{Heap before GC invocations=11 (full 0):
 garbage-first heap   total 157696K, used 126306K [0x0000000080000000, 0x0000000100000000)
  region size 1024K, 82 young (83968K), 10 survivors (10240K)
 Metaspace       used 49921K, capacity 51205K, committed 51328K, reserved 561152K
  class space    used 6484K, capacity 6972K, committed 7040K, reserved 516096K
}
Event: 8.300 GC heap after
{Heap after GC invocations=12 (full 0):
 garbage-first heap   total 189440K, used 56520K [0x0000000080000000, 0x0000000100000000)
  region size 1024K, 8 young (8192K), 8 survivors (8192K)
 Metaspace       used 49921K, capacity 51205K, committed 51328K, reserved 561152K
  class space    used 6484K, capacity 6972K, committed 7040K, reserved 516096K
}
Event: 23.012 GC heap before
{Heap before GC invocations=12 (full 0):
 garbage-first heap   total 189440K, used 151752K [0x0000000080000000, 0x0000000100000000)
  region size 1024K, 100 young (102400K), 8 survivors (8192K)
 Metaspace       used 54956K, capacity 56662K, committed 56960K, reserved 565248K
  class space    used 7122K, capacity 7729K, committed 7808K, reserved 516096K
}
Event: 23.024 GC heap after
{Heap after GC invocations=13 (full 0):
 garbage-first heap   total 189440K, used 62301K [0x0000000080000000, 0x0000000100000000)
  region size 1024K, 9 young (9216K), 9 survivors (9216K)
 Metaspace       used 54956K, capacity 56662K, committed 56960K, reserved 565248K
  class space    used 7122K, capacity 7729K, committed 7808K, reserved 516096K
}
Event: 23.889 GC heap before
{Heap before GC invocations=13 (full 0):
 garbage-first heap   total 189440K, used 112477K [0x0000000080000000, 0x0000000100000000)
  region size 1024K, 59 young (60416K), 9 survivors (9216K)
 Metaspace       used 58148K, capacity 60028K, committed 60160K, reserved 569344K
  class space    used 7631K, capacity 8324K, committed 8448K, reserved 516096K
}
Event: 23.905 GC heap after
{Heap after GC invocations=14 (full 0):
 garbage-first heap   total 189440K, used 64864K [0x0000000080000000, 0x0000000100000000)
  region size 1024K, 8 young (8192K), 8 survivors (8192K)
 Metaspace       used 58148K, capacity 60028K, committed 60160K, reserved 569344K
  class space    used 7631K, capacity 8324K, committed 8448K, reserved 516096K
}

