# JRE version: Java(TM) SE Runtime Environment (17.0.3.1+2) (build 17.0.3.1+2-LTS-6)
# Java VM: Java HotSpot(TM) 64-Bit Server VM (17.0.3.1+2-LTS-6, mixed mode, sharing, tiered, compressed oops, compressed class ptrs, g1 gc, windows-amd64)
GC Precious Log:
 CPUs: 4 total, 4 available
 Memory: 8082M
 Large Page Support: Disabled
 NUMA Support: Disabled
 Compressed Oops: Enabled (32-bit)
 Heap Region Size: 1M
 Heap Min Capacity: 8M
 Heap Initial Capacity: 128M
 Heap Max Capacity: 2G
 Pre-touch: Disabled
 Parallel Workers: 4
 Concurrent Workers: 1
 Concurrent Refinement Workers: 4
 Periodic GC: Disabled
Heap:
 garbage-first heap   total 360448K, used 242612K [0x0000000080000000, 0x0000000100000000)
  region size 1024K, 40 young (40960K), 8 survivors (8192K)
 Metaspace       used 123960K, committed 125376K, reserved 536576K
  class space    used 16431K, committed 17088K, reserved 421888K
GC Heap History (20 events):
Event: 118.116 GC heap before
{Heap before GC invocations=58 (full 0):
 garbage-first heap   total 209920K, used 118484K [0x0000000080000000, 0x0000000100000000)
  region size 1024K, 10 young (10240K), 1 survivors (1024K)
 Metaspace       used 91209K, committed 92096K, reserved 503808K
  class space    used 12668K, committed 13120K, reserved 421888K
}
Event: 118.118 GC heap after
{Heap after GC invocations=59 (full 0):
 garbage-first heap   total 209920K, used 109291K [0x0000000080000000, 0x0000000100000000)
  region size 1024K, 1 young (1024K), 1 survivors (1024K)
 Metaspace       used 91209K, committed 92096K, reserved 503808K
  class space    used 12668K, committed 13120K, reserved 421888K
}
Event: 119.470 GC heap before
{Heap before GC invocations=59 (full 0):
 garbage-first heap   total 209920K, used 168683K [0x0000000080000000, 0x0000000100000000)
  region size 1024K, 59 young (60416K), 1 survivors (1024K)
 Metaspace       used 94102K, committed 95104K, reserved 503808K
  class space    used 13040K, committed 13504K, reserved 421888K
}
Event: 119.481 GC heap after
{Heap after GC invocations=60 (full 0):
 garbage-first heap   total 360448K, used 116423K [0x0000000080000000, 0x0000000100000000)
  region size 1024K, 8 young (8192K), 8 survivors (8192K)
 Metaspace       used 94102K, committed 95104K, reserved 503808K
  class space    used 13040K, committed 13504K, reserved 421888K
}
Event: 125.572 GC heap before
{Heap before GC invocations=60 (full 0):
 garbage-first heap   total 360448K, used 278215K [0x0000000080000000, 0x0000000100000000)
  region size 1024K, 166 young (169984K), 8 survivors (8192K)
 Metaspace       used 101922K, committed 102976K, reserved 512000K
  class space    used 14006K, committed 14464K, reserved 421888K
}
Event: 125.594 GC heap after
{Heap after GC invocations=61 (full 0):
 garbage-first heap   total 360448K, used 131595K [0x0000000080000000, 0x0000000100000000)
  region size 1024K, 21 young (21504K), 21 survivors (21504K)
 Metaspace       used 101922K, committed 102976K, reserved 512000K
  class space    used 14006K, committed 14464K, reserved 421888K
}
Event: 164.765 GC heap before
{Heap before GC invocations=61 (full 0):
 garbage-first heap   total 360448K, used 272907K [0x0000000080000000, 0x0000000100000000)
  region size 1024K, 160 young (163840K), 21 survivors (21504K)
 Metaspace       used 104203K, committed 105536K, reserved 520192K
  class space    used 14257K, committed 14912K, reserved 421888K
}
Event: 164.804 GC heap after
{Heap after GC invocations=62 (full 0):
 garbage-first heap   total 360448K, used 151682K [0x0000000080000000, 0x0000000100000000)
  region size 1024K, 20 young (20480K), 20 survivors (20480K)
 Metaspace       used 104203K, committed 105536K, reserved 520192K
  class space    used 14257K, committed 14912K, reserved 421888K
}
Event: 169.149 GC heap before
{Heap before GC invocations=62 (full 0):
 garbage-first heap   total 360448K, used 273538K [0x0000000080000000, 0x0000000100000000)
  region size 1024K, 140 young (143360K), 20 survivors (20480K)
 Metaspace       used 106085K, committed 107392K, reserved 520192K
  class space    used 14431K, committed 15040K, reserved 421888K
}
Event: 169.175 GC heap after
{Heap after GC invocations=63 (full 0):
 garbage-first heap   total 360448K, used 162816K [0x0000000080000000, 0x0000000100000000)
  region size 1024K, 11 young (11264K), 11 survivors (11264K)
 Metaspace       used 106085K, committed 107392K, reserved 520192K
  class space    used 14431K, committed 15040K, reserved 421888K
}
Event: 174.006 GC heap before
{Heap before GC invocations=63 (full 0):
 garbage-first heap   total 360448K, used 280576K [0x0000000080000000, 0x0000000100000000)
  region size 1024K, 127 young (130048K), 11 survivors (11264K)
 Metaspace       used 110403K, committed 111808K, reserved 520192K
  class space    used 14946K, committed 15616K, reserved 421888K
}
Event: 174.033 GC heap after
{Heap after GC invocations=64 (full 0):
 garbage-first heap   total 360448K, used 174592K [0x0000000080000000, 0x0000000100000000)
  region size 1024K, 12 young (12288K), 12 survivors (12288K)
 Metaspace       used 110403K, committed 111808K, reserved 520192K
  class space    used 14946K, committed 15616K, reserved 421888K
}
Event: 186.627 GC heap before
{Heap before GC invocations=64 (full 0):
 garbage-first heap   total 360448K, used 288256K [0x0000000080000000, 0x0000000100000000)
  region size 1024K, 122 young (124928K), 12 survivors (12288K)
 Metaspace       used 118822K, committed 120256K, reserved 528384K
  class space    used 15976K, committed 16640K, reserved 421888K
}
Event: 186.651 GC heap after
{Heap after GC invocations=65 (full 0):
 garbage-first heap   total 360448K, used 192512K [0x0000000080000000, 0x0000000100000000)
  region size 1024K, 16 young (16384K), 16 survivors (16384K)
 Metaspace       used 118822K, committed 120256K, reserved 528384K
  class space    used 15976K, committed 16640K, reserved 421888K
}
Event: 190.532 GC heap before
{Heap before GC invocations=65 (full 0):
 garbage-first heap   total 360448K, used 286720K [0x0000000080000000, 0x0000000100000000)
  region size 1024K, 109 young (111616K), 16 survivors (16384K)
 Metaspace       used 121997K, committed 123456K, reserved 536576K
  class space    used 16335K, committed 17024K, reserved 421888K
}
Event: 190.549 GC heap after
{Heap after GC invocations=66 (full 0):
 garbage-first heap   total 360448K, used 191488K [0x0000000080000000, 0x0000000100000000)
  region size 1024K, 8 young (8192K), 8 survivors (8192K)
 Metaspace       used 121997K, committed 123456K, reserved 536576K
  class space    used 16335K, committed 17024K, reserved 421888K
}
Event: 192.031 GC heap before
{Heap before GC invocations=66 (full 0):
 garbage-first heap   total 360448K, used 290816K [0x0000000080000000, 0x0000000100000000)
  region size 1024K, 104 young (106496K), 8 survivors (8192K)
 Metaspace       used 122866K, committed 124288K, reserved 536576K
  class space    used 16412K, committed 17088K, reserved 421888K
}
Event: 192.050 GC heap after
{Heap after GC invocations=67 (full 0):
 garbage-first heap   total 360448K, used 203213K [0x0000000080000000, 0x0000000100000000)
  region size 1024K, 13 young (13312K), 13 survivors (13312K)
 Metaspace       used 122866K, committed 124288K, reserved 536576K
  class space    used 16412K, committed 17088K, reserved 421888K
}
Event: 193.862 GC heap before
{Heap before GC invocations=67 (full 0):
 garbage-first heap   total 360448K, used 290253K [0x0000000080000000, 0x0000000100000000)
  region size 1024K, 98 young (100352K), 13 survivors (13312K)
 Metaspace       used 123843K, committed 125248K, reserved 536576K
  class space    used 16431K, committed 17088K, reserved 421888K
}
Event: 193.883 GC heap after
{Heap after GC invocations=68 (full 0):
 garbage-first heap   total 360448K, used 210868K [0x0000000080000000, 0x0000000100000000)
  region size 1024K, 8 young (8192K), 8 survivors (8192K)
 Metaspace       used 123843K, committed 125248K, reserved 536576K
  class space    used 16431K, committed 17088K, reserved 421888K
}

